<?xml version="1.0" encoding="UTF-8"?>
<testng-results total="2" passed="2" failed="0" skipped="0">
  <reporter-output>
  </reporter-output>
  <suite started-at="2018-04-14T18:07:25Z" name="Default suite" finished-at="2018-04-14T18:08:46Z" duration-ms="81382">
    <groups>
    </groups>
    <test started-at="2018-04-14T18:07:25Z" name="Default test" finished-at="2018-04-14T18:08:46Z" duration-ms="81382">
      <class name="home.LandingPage">
        <test-method is-config="true" signature="beforeMethod()[pri:0, instance:home.LandingPage@272ed83b]" started-at="2018-04-14T14:07:25Z" name="beforeMethod" finished-at="2018-04-14T14:07:39Z" duration-ms="14759" status="PASS">
          <reporter-output>
          </reporter-output>
        </test-method> <!-- beforeMethod -->
        <test-method signature="test1()[pri:0, instance:home.LandingPage@272ed83b]" started-at="2018-04-14T14:07:39Z" name="test1" finished-at="2018-04-14T14:07:50Z" duration-ms="10630" status="PASS">
          <reporter-output>
          </reporter-output>
        </test-method> <!-- test1 -->
        <test-method is-config="true" signature="afterMethod()[pri:0, instance:home.LandingPage@272ed83b]" started-at="2018-04-14T14:07:50Z" name="afterMethod" finished-at="2018-04-14T14:07:54Z" duration-ms="3518" status="PASS">
          <reporter-output>
          </reporter-output>
        </test-method> <!-- afterMethod -->
        <test-method is-config="true" signature="beforeMethod()[pri:0, instance:home.LandingPage@272ed83b]" started-at="2018-04-14T14:07:54Z" name="beforeMethod" finished-at="2018-04-14T14:08:28Z" duration-ms="34342" status="PASS">
          <reporter-output>
          </reporter-output>
        </test-method> <!-- beforeMethod -->
        <test-method signature="test2()[pri:0, instance:home.LandingPage@272ed83b]" started-at="2018-04-14T14:08:28Z" name="test2" finished-at="2018-04-14T14:08:43Z" duration-ms="14823" status="PASS">
          <reporter-output>
          </reporter-output>
        </test-method> <!-- test2 -->
        <test-method is-config="true" signature="afterMethod()[pri:0, instance:home.LandingPage@272ed83b]" started-at="2018-04-14T14:08:43Z" name="afterMethod" finished-at="2018-04-14T14:08:46Z" duration-ms="3282" status="PASS">
          <reporter-output>
          </reporter-output>
        </test-method> <!-- afterMethod -->
      </class> <!-- home.LandingPage -->
    </test> <!-- Default test -->
  </suite> <!-- Default suite -->
</testng-results>
